"0017FSN.jpg": 0017FSN
"0033GBM [a].jpg": 
"0033GBM [b].jpg": 
"0076FSJ.jpg": 0076FSJ
"0078CZY.jpg": 
"0087BLT.jpg": 
"0122CBR.jpg": 
"0134DTP.jpg": 0134DTP
"0175DWF.jpg": 0175DWF
"0203FLR.jpg": 0203FLR
"0232LZP.jpg": 
"0309GYT.jpg": 0309GYT
"0314GSL.jpg": 
"0328HTG.jpg": 0328HTG
"0361HTJ.jpg": 
"0379KJZ.jpg": 
"0435GTP.jpg": 
"0462DCC.jpg": 
"0465GSR.jpg": 
"0473JST.jpg": 0473JST
"0483KNY.jpg": 0483KNY
"0489GKR.jpg": 
"0540JXZ.jpg": 
"0567CTY.jpg": 0567CTY
"0590FVP.jpg": 
"0631GNV.jpg": 0631GNV
"0658JPV.jpg": 0658JPV
"0669CTX.jpg": 0669CYX
"0683BBR.jpg": 
"0695DVH.jpg": 
"0711BVP.jpg": 0711BVP
"0712KMR.jpg": 
"0714JBY.jpg": 
"0715BBK.jpg": 0715BBK
"0719MDT.jpg": 0719MDT
"0745FRV.jpg": 
"0767LFV.jpg": 
"0831BNS.jpg": 
"0869KIP.jpg": 
"0922DBC.jpg": 0922DBC
"0965LHF.jpg": 
"0968JXP.jpg": 
"0979FCH.jpg": 
"0993FKX.jpg": 0993FKX
"1018FDF.jpg": 
"1052LXP.jpg": 1052LXP
"1063HFG.jpg": 
"1089DRG.jpg": 
"1111FKX.jpg": 1111FKX
"1124DBJ.jpg": 1124DBJ
"1147GMF.jpg": 
"1204LHR.jpg": 1204LHR
"1207KPT.jpg": 
"1217KHR.jpg": 
"1240LLF.jpg": 
"1277DPZ.jpg": 1277DPZ
"1322CMD.jpg": 1322CMD
"1442LMY.jpg": 1442LMY
"1447HMH.jpg": 
"1469GWK.jpg": 
"1478KRJ.jpg": 1478KRJ
"1491HHN.jpg": 
"1505FRH.jpg": 1505FRH
"1551HGP.jpg": 1551HGP
"1572KPZ.jpg": 
"1594DRM.jpg": 
"1607JBV.jpg": 
"1621HJD.jpg": 
"1621HRH [a].jpg": 
"1621HRH [b].jpg": 
"1691KNR.jpg": 
"1698JNN.jpg": 
"1706FHT.jpg": 1706FHT
"1770HDG.jpg": 
"1806MCN.jpg": 1806MCN
"1838LRH.jpg": 1838LRH
"1839FBG.jpg": 
"1934JYT.jpg": 1934JYT
"1962GDM.jpg": 1962GDM
"1988CRM.jpg": 1988CRM
"1998LPW.jpg": 
"2018HCP.jpg": 
"2026DBR.jpg": 2026DBR
"2038GWZ.jpg": 
"2058HVT.jpg": 
"2090MDF.jpg": 2090MDF
"2098FSS.jpg": 
"2122JCG.jpg": 2122JCG
"2161GJJ.jpg": 2161GJJ
"2219FSS.jpg": 
"2254HZL.jpg": 
"2276LMJ.jpg": 
"2282GKX.jpg": 2282GKX
"2339FNS.jpg": 
"2359CKF.jpg": 
"2360LYN.jpg": 
"2405BPT.jpg": 
"2452CNC.jpg": 2452CNC
"2453DJL.jpg": 2453DJL
"2460HSZ.jpg": 
"2461FTW.jpg": 2461FTW
"2493GKM.jpg": 2493GKM
"2559KJT.jpg": 2559KJT
"2566DXC.jpg": 2566DXC
"2567DJS.jpg": 2567DJS
"2587CNR.jpg": 2587CNR
"2590FWH.jpg": 2590FWH
"2627FGL.jpg": 
"2640JSV.jpg": 
"2645JHK.jpg": 
"2649KMN.jpg": 2649KMN
"2695KLG.jpg": 
"2708KRN [a].jpg": 2708KRN
"2708KRN [b].jpg": 2708KRN
"2713HTD.jpg": 
"2714GND.jpg": 
"2714HCL.jpg": 
"2739GKN.jpg": 
"2748DJP.jpg": 
"2772BHF.jpg": 2772BHF
"2795GTM.jpg": 
"2801KDZ.jpg": 
"2813FPG.jpg": 2813FPG
"2841CPY.jpg": 
"2848GPJ.jpg": 
"2855BRY.jpg": 
"2866HHM.jpg": 2866HHM
"2870JVN.jpg": 
"2881LRX.jpg": 
"2915CVC.jpg": 
"2932KBC.jpg": 2932KBC
"2976KPK.jpg": 
"2979LTC.jpg": 2979LTC
"2995GWB.jpg": 2995GWB
"2995HHG.jpg": 
"3008GWK.jpg": 3008GWK
"3033JSW.jpg": 3033JSW
"3045LWS.jpg": 3045LWS
"3083GRL.jpg": 
"3100KBH.jpg": 3100KBH
"3141DBL.jpg": 
"3147HWW [a].jpg": 3147HWW
"3147HWW [b].jpg": 3147HWW
"3147HWW [c].jpg": 3147HWW
"3172DKP.jpg": 
"3326KDY.jpg": 3326KDY
"3350CPW.jpg": 3350CPW
"3367FLC.jpg": 3367FLC
"3386KYP.jpg": 3386KYP
"3449HTL.jpg": 3449HTL
"3453DCS.jpg": 3453DCS
"3466LTD.jpg": 3466LTD
"3530DBY.jpg": 3530DBY
"3533HTH.jpg": 3533HTH
"3542DZR.jpg": 3542DZR
"3545LSG.jpg": 3545LSG
"3553FGW.jpg": 
"3594KDP.jpg": 
"3620DLS.jpg": 3620DLS
"3645GHV [a].jpg": 3645GHV
"3645GHV [b].jpg": 
"3646HBH.jpg": 3646HBH
"3647LHP.jpg": 
"3661HGT.jpg": 3661HGT
"3734LHM.jpg": 3734LHM
"3757DPK.jpg": 
"3790LKD.jpg": 
"3819GSL [a].jpg": 3819G5L
"3819GSL [b].jpg": 
"3840JBS [a].jpg": 
"3840JBS [b].jpg": 
"3840JBS [c].jpg": 
"3857HMJ.jpg": 
"3874HDB.jpg": 
"3875GVC.jpg": 3875GVC
"3895HLS.jpg": 3895HLS
"3909HLM.jpg": 3909HLM
"3926FRT.jpg": 3926FRT
"3979LVM.jpg": 
"4028HCW.jpg": 
"4045DRS.jpg": 
"4052HHF.jpg": 
"4064DCF.jpg": 
"4068BYB.jpg": 4068BYB
"4129DBZ.jpg": 4129DBZ
"4135FNX.jpg": 4135FNX
"4151GSV.jpg": 
"4177GRG.jpg": 
"4216GNH.jpg": 4216GNH
"4224DWV.jpg": 4224DWV
"4236KMV.jpg": 
"4266HBF.jpg": 4266HBF
"4311LTP.jpg": 4311LTP
"4329LLT.jpg": 4329LLT
"4349FPJ.jpg": 
"4353CFX.jpg": 4353CFX
"4358CZC.jpg": 4358CZC
"4368MDH.jpg": 
"4437CNY.jpg": 4437CNY
"4506DGY.jpg": 
"4534LVP.jpg": 
"4558JKH.jpg": 4558JKH
"4563JGW.jpg": 
"4633HYH.jpg": 4633HYH
"4655FKK.jpg": 
"4682DRS.jpg": 4682DRS
"4686HGH.jpg": 4686HGH
"4725FRH.jpg": 4725FRH
"4743CKK.jpg": 
"4757FVY.jpg": 
"4769CGP.jpg": 4769CGP
"4840DBM.jpg": 
"4854KDK.jpg": 4854KDK
"4868GWX.jpg": 
"4875BDS.jpg": 4875BDS
"4878FZP.jpg": 4878FZP
"4883HFP.jpg": 4883HFP
"4927JPB.jpg": 
"4932HFM.jpg": 
"4953DSX.jpg": 4953DSX
"4999LFB.jpg": 
"5042BGT.jpg": 5042BGT
"5043LSH.jpg": 5043LSH
"5052GBK.jpg": 5052GBK
"5096BCS.jpg": 5096BCS
"5208HLH.jpg": 5208HLH
"5228GLP.jpg": 
"5230HNJ.jpg": 5230HWJ
"5256JHT.jpg": 5256JHT
"5283KDW.jpg": 5283KDW
"5290KZS.jpg": 
"5333KJH.jpg": 5333KJH
"5338LFK.jpg": 5338LKF
"5394CMS.jpg": 
"5464DSV.jpg": 
"5480BBB.jpg": 
"5509JXX.jpg": 
"5522GNK.jpg": 
"5554FHT.jpg": 
"5581JDK.jpg": 
"5630CHY.jpg": 5630CHY
"5639CKN.jpg": 5639CKN
"5642HDC.jpg": 5642HDC
"5658FTH.jpg": 
"5712KYR.jpg": 5712KYR
"5733GGR.jpg": 5733GGR
"5744LJB.jpg": 5744LJB
"5752FXX.jpg": 5752FXX
"5778BGK.jpg": 5778BGK
"5803FVY.jpg": 
"5858JHR.jpg": 5858JHK
"5878HCB.jpg": 
"5902CTD.jpg": 
"5975KYM.jpg": 5975KYM
"5990KNB.jpg": 5990KNB
"6002FTP.jpg": 
"6082FTZ.jpg": 
"6115CBR.jpg": 
"6156JYP.jpg": 
"6200FPY.jpg": 
"6222BZN.jpg": 6222BZN
"6254GMG.jpg": 6254GMG
"6277KXP.jpg": 6277KXP
"6293DLR.jpg": 6293DLR
"6293GJD.jpg": 
"6329JVV.jpg": 
"6375JHZ.jpg": 
"6392KMW.jpg": 6392KMW
"6394DVX.jpg": 6394DVX
"6404GZK.jpg": 6404GZK
"6439HVT.jpg": 6439HVT
"6473LJS.jpg": 6473LJS
"6525BZW.jpg": 
"6565BXR.jpg": 
"6615LJF.jpg": 
"6623JMW.jpg": 
"6629KLC.jpg": 
"6655LJM.jpg": 6655LJM
"6669JMM.jpg": 
"6683GMB.jpg": 
"6736GPH.jpg": 
"6782CVT.jpg": 
"6837FRK.jpg": 6837FRK
"6851KLM.jpg": 6851KLM
"6854HKZ.jpg": 6854HKZ
"6933HJW.jpg": 6933HJW
"6944FHD.jpg": 6994FHD
"6969FDB.jpg": 
"7017DHN.jpg": 7017DHN
"7020KSX.jpg": 7020KSX
"7048KKK.jpg": 7048KKK
"7058GTK.jpg": 7058GTK
"7089MBL.jpg": 
"7099GYD.jpg": 
"7173DBM.jpg": 7173DMM
"7223FPC.jpg": 7223FPC
"7225BRV.jpg": 7225BRV
"7228KTV.jpg": 
"7256GPD.jpg": 
"7398JFY.jpg": 
"7404MCT.jpg": 7404MCT
"7414JZX.jpg": 7414JZX
"7447GXS.jpg": 
"7495HSG.jpg": 7495HSG
"7520FJJ.jpg": 
"7527DZC.jpg": 7527DZC
"7530FBY.jpg": 7530F8Y
"7535KFT.jpg": 
"7551HHF.jpg": 
"7557CLT.jpg": 
"7565GWR.jpg": 
"7568CJV [a].jpg": 7568CJV
"7568CJV [b].jpg": 
"7616JNW.jpg": 7616JNW
"7629MFS.jpg": 7629MFS
"7636DLC.jpg": 7636DLC
"7648HHD.jpg": 
"7651KWF.jpg": 
"7664LFC.jpg": 
"7687HVY.jpg": 7687HVY
"7691CKD.jpg": 7691CKD
"7698FBF.jpg": 
"7737GJM.jpg": 7737GJM
"7780HNS.jpg": 
"7781JVV.jpg": 7781JVV
"7799FZN.jpg": 7799FZN
"7803LRK.jpg": 77803LR
"7804HBC.jpg": 
"7804HHT.jpg": 
"7810KYG.jpg": 7810KYG
"7821GVF.jpg": 
"7867LMZ.jpg": 7867LMZ
"7879FJS.jpg": 
"8019KVY [a].jpg": 8019KVY
"8019KVY [b].jpg": 8019KVY
"8035KRH.jpg": 8035KRH
"8052HJK.jpg": 
"8057BMN.jpg": 
"8059BYB.jpg": 
"8065HPT.jpg": 8065HPT
"8072BPC [a].jpg": 
"8072BPC [b].jpg": 
"8072BPC [c].jpg": 8072BPC
"8104HXX.jpg": 
"8113GLJ.jpg": 
"8119LCW.jpg": 8119LCW
"8183BCZ.jpg": 
"8207GWS.jpg": 8207GWS
"8333GVV.jpg": 
"8412HPY.jpg": 8412HPY
"8412MDP.jpg": 
"8437LTW.jpg": 8437LTW
"8438BSP.jpg": 
"8448MFR.jpg": 8448MFR
"8488KYB.jpg": 8488KYB
"8505HVZ.jpg": 
"8509FDG.jpg": 
"8536HGL.jpg": 
"8613DYX.jpg": 8613DYX
"8654LSS.jpg": 8654LSS
"8778CSD.jpg": 8778CSD
"8795BLR.jpg": 
"8801HPL.jpg": 8801HPL
"8838JTS.jpg": 8838JTS
"8839DHZ [a].jpg": 8839DHZ
"8839DHZ [b].jpg": 8839DHZ
"8858FSV.jpg": 
"8860BMJ.jpg": 8860BMJ
"8863GNS.jpg": 
"8871KVT.jpg": 
"8881LHT.jpg": 
"8894FFS.jpg": 8894FFS
"8895DMS.jpg": 
"8915FBP.jpg": 8915FBP
"8928KNH.jpg": 
"8967CHV.jpg": 
"9014CZS.jpg": 
"9058BYB.jpg": 9058BYB
"9093KCJ.jpg": 
"9110HLB.jpg": 
"9136FFH.jpg": 
"9185LTP.jpg": 9185LTP
"9188CHD.jpg": 9188CHD
"9207HVC.jpg": 
"9227HNX.jpg": 
"9256LRB.jpg": 
"9268KKR.jpg": 
"9287CLN.jpg": 9287CLN
"9322HLN.jpg": 
"9323FXB.jpg": 9323FXB
"9367JVR.jpg": 9367JVR
"9393DCN [a].jpg": 9393DCN
"9393DCN [b].jpg": 9393DCN
"9407HLG.jpg": 
"9432HKK.jpg": 
"9506DZT.jpg": 
"9529FYJ.jpg": 9529FYJ
"9570GNB.jpg": 
"9573HXK.jpg": 
"9578HGX.jpg": 
"9612HCN.jpg": 
"9621JRM.jpg": 9621JRM
"9655JGB.jpg": 
"9688HML.jpg": 
"9726HSZ.jpg": 
"9753KBR.jpg": 9753KBR
"9809FXG.jpg": 
"9810CNL.jpg": 
"9818HMP.jpg": 9819HMP
"9834HHG.jpg": 
"9843GCC.jpg": 79843GC
"9846FBV.jpg": 99846BV
"9932LFK.jpg": 
"9948JNF.jpg": 
"9970BYD.jpg": 
"9999BWC.jpg": 9999BWC
